<?xml version="1.0" encoding="UTF-8"?>
<testsuite xmlns:xsi="http://www.w3.org/2001/XMLSchema-instance" xsi:noNamespaceSchemaLocation="https://maven.apache.org/surefire/maven-surefire-plugin/xsd/surefire-test-report.xsd" name="lt.school.mell.MellApplicationTests" time="0.011" tests="1" errors="1" skipped="0" failures="0">
  <properties>
    <property name="sun.desktop" value="windows"/>
    <property name="awt.toolkit" value="sun.awt.windows.WToolkit"/>
    <property name="file.encoding.pkg" value="sun.io"/>
    <property name="java.specification.version" value="1.8"/>
    <property name="sun.cpu.isalist" value="amd64"/>
    <property name="sun.jnu.encoding" value="GBK"/>
    <property name="java.class.path" value="E:\gitAll\mell\target\test-classes;E:\gitAll\mell\target\classes;F:\my_java_jar\maven_repository\org\springframework\boot\spring-boot-starter-data-redis\2.2.5.RELEASE\spring-boot-starter-data-redis-2.2.5.RELEASE.jar;F:\my_java_jar\maven_repository\org\springframework\boot\spring-boot-starter\2.2.5.RELEASE\spring-boot-starter-2.2.5.RELEASE.jar;F:\my_java_jar\maven_repository\org\springframework\boot\spring-boot\2.2.5.RELEASE\spring-boot-2.2.5.RELEASE.jar;F:\my_java_jar\maven_repository\org\springframework\boot\spring-boot-starter-logging\2.2.5.RELEASE\spring-boot-starter-logging-2.2.5.RELEASE.jar;F:\my_java_jar\maven_repository\ch\qos\logback\logback-classic\1.2.3\logback-classic-1.2.3.jar;F:\my_java_jar\maven_repository\ch\qos\logback\logback-core\1.2.3\logback-core-1.2.3.jar;F:\my_java_jar\maven_repository\org\apache\logging\log4j\log4j-to-slf4j\2.12.1\log4j-to-slf4j-2.12.1.jar;F:\my_java_jar\maven_repository\org\apache\logging\log4j\log4j-api\2.12.1\log4j-api-2.12.1.jar;F:\my_java_jar\maven_repository\org\slf4j\jul-to-slf4j\1.7.30\jul-to-slf4j-1.7.30.jar;F:\my_java_jar\maven_repository\jakarta\annotation\jakarta.annotation-api\1.3.5\jakarta.annotation-api-1.3.5.jar;F:\my_java_jar\maven_repository\org\yaml\snakeyaml\1.25\snakeyaml-1.25.jar;F:\my_java_jar\maven_repository\org\springframework\data\spring-data-redis\2.2.5.RELEASE\spring-data-redis-2.2.5.RELEASE.jar;F:\my_java_jar\maven_repository\org\springframework\data\spring-data-keyvalue\2.2.5.RELEASE\spring-data-keyvalue-2.2.5.RELEASE.jar;F:\my_java_jar\maven_repository\org\springframework\data\spring-data-commons\2.2.5.RELEASE\spring-data-commons-2.2.5.RELEASE.jar;F:\my_java_jar\maven_repository\org\springframework\spring-tx\5.2.4.RELEASE\spring-tx-5.2.4.RELEASE.jar;F:\my_java_jar\maven_repository\org\springframework\spring-oxm\5.2.4.RELEASE\spring-oxm-5.2.4.RELEASE.jar;F:\my_java_jar\maven_repository\org\springframework\spring-context-support\5.2.4.RELEASE\spring-context-support-5.2.4.RELEASE.jar;F:\my_java_jar\maven_repository\io\lettuce\lettuce-core\5.2.2.RELEASE\lettuce-core-5.2.2.RELEASE.jar;F:\my_java_jar\maven_repository\io\netty\netty-common\4.1.45.Final\netty-common-4.1.45.Final.jar;F:\my_java_jar\maven_repository\io\netty\netty-handler\4.1.45.Final\netty-handler-4.1.45.Final.jar;F:\my_java_jar\maven_repository\io\netty\netty-buffer\4.1.45.Final\netty-buffer-4.1.45.Final.jar;F:\my_java_jar\maven_repository\io\netty\netty-codec\4.1.45.Final\netty-codec-4.1.45.Final.jar;F:\my_java_jar\maven_repository\io\netty\netty-transport\4.1.45.Final\netty-transport-4.1.45.Final.jar;F:\my_java_jar\maven_repository\io\netty\netty-resolver\4.1.45.Final\netty-resolver-4.1.45.Final.jar;F:\my_java_jar\maven_repository\io\projectreactor\reactor-core\3.3.3.RELEASE\reactor-core-3.3.3.RELEASE.jar;F:\my_java_jar\maven_repository\org\reactivestreams\reactive-streams\1.0.3\reactive-streams-1.0.3.jar;F:\my_java_jar\maven_repository\org\springframework\boot\spring-boot-starter-web\2.2.5.RELEASE\spring-boot-starter-web-2.2.5.RELEASE.jar;F:\my_java_jar\maven_repository\org\springframework\boot\spring-boot-starter-json\2.2.5.RELEASE\spring-boot-starter-json-2.2.5.RELEASE.jar;F:\my_java_jar\maven_repository\com\fasterxml\jackson\core\jackson-databind\2.10.2\jackson-databind-2.10.2.jar;F:\my_java_jar\maven_repository\com\fasterxml\jackson\core\jackson-core\2.10.2\jackson-core-2.10.2.jar;F:\my_java_jar\maven_repository\com\fasterxml\jackson\datatype\jackson-datatype-jdk8\2.10.2\jackson-datatype-jdk8-2.10.2.jar;F:\my_java_jar\maven_repository\com\fasterxml\jackson\datatype\jackson-datatype-jsr310\2.10.2\jackson-datatype-jsr310-2.10.2.jar;F:\my_java_jar\maven_repository\com\fasterxml\jackson\module\jackson-module-parameter-names\2.10.2\jackson-module-parameter-names-2.10.2.jar;F:\my_java_jar\maven_repository\org\springframework\boot\spring-boot-starter-tomcat\2.2.5.RELEASE\spring-boot-starter-tomcat-2.2.5.RELEASE.jar;F:\my_java_jar\maven_repository\org\apache\tomcat\embed\tomcat-embed-core\9.0.31\tomcat-embed-core-9.0.31.jar;F:\my_java_jar\maven_repository\org\apache\tomcat\embed\tomcat-embed-el\9.0.31\tomcat-embed-el-9.0.31.jar;F:\my_java_jar\maven_repository\org\apache\tomcat\embed\tomcat-embed-websocket\9.0.31\tomcat-embed-websocket-9.0.31.jar;F:\my_java_jar\maven_repository\org\springframework\boot\spring-boot-starter-validation\2.2.5.RELEASE\spring-boot-starter-validation-2.2.5.RELEASE.jar;F:\my_java_jar\maven_repository\jakarta\validation\jakarta.validation-api\2.0.2\jakarta.validation-api-2.0.2.jar;F:\my_java_jar\maven_repository\org\hibernate\validator\hibernate-validator\6.0.18.Final\hibernate-validator-6.0.18.Final.jar;F:\my_java_jar\maven_repository\org\jboss\logging\jboss-logging\3.4.1.Final\jboss-logging-3.4.1.Final.jar;F:\my_java_jar\maven_repository\org\springframework\spring-web\5.2.4.RELEASE\spring-web-5.2.4.RELEASE.jar;F:\my_java_jar\maven_repository\org\springframework\spring-beans\5.2.4.RELEASE\spring-beans-5.2.4.RELEASE.jar;F:\my_java_jar\maven_repository\org\springframework\spring-webmvc\5.2.4.RELEASE\spring-webmvc-5.2.4.RELEASE.jar;F:\my_java_jar\maven_repository\org\springframework\spring-context\5.2.4.RELEASE\spring-context-5.2.4.RELEASE.jar;F:\my_java_jar\maven_repository\org\springframework\spring-expression\5.2.4.RELEASE\spring-expression-5.2.4.RELEASE.jar;F:\my_java_jar\maven_repository\com\oracle\ojdbc\ojdbc8\19.3.0.0\ojdbc8-19.3.0.0.jar;F:\my_java_jar\maven_repository\com\oracle\ojdbc\ucp\19.3.0.0\ucp-19.3.0.0.jar;F:\my_java_jar\maven_repository\com\oracle\ojdbc\oraclepki\19.3.0.0\oraclepki-19.3.0.0.jar;F:\my_java_jar\maven_repository\com\oracle\ojdbc\osdt_cert\19.3.0.0\osdt_cert-19.3.0.0.jar;F:\my_java_jar\maven_repository\com\oracle\ojdbc\osdt_core\19.3.0.0\osdt_core-19.3.0.0.jar;F:\my_java_jar\maven_repository\com\oracle\ojdbc\simplefan\19.3.0.0\simplefan-19.3.0.0.jar;F:\my_java_jar\maven_repository\com\oracle\ojdbc\ons\19.3.0.0\ons-19.3.0.0.jar;F:\my_java_jar\maven_repository\org\projectlombok\lombok\1.18.12\lombok-1.18.12.jar;F:\my_java_jar\maven_repository\org\springframework\boot\spring-boot-starter-test\2.2.5.RELEASE\spring-boot-starter-test-2.2.5.RELEASE.jar;F:\my_java_jar\maven_repository\org\springframework\boot\spring-boot-test\2.2.5.RELEASE\spring-boot-test-2.2.5.RELEASE.jar;F:\my_java_jar\maven_repository\org\springframework\boot\spring-boot-test-autoconfigure\2.2.5.RELEASE\spring-boot-test-autoconfigure-2.2.5.RELEASE.jar;F:\my_java_jar\maven_repository\com\jayway\jsonpath\json-path\2.4.0\json-path-2.4.0.jar;F:\my_java_jar\maven_repository\net\minidev\json-smart\2.3\json-smart-2.3.jar;F:\my_java_jar\maven_repository\net\minidev\accessors-smart\1.2\accessors-smart-1.2.jar;F:\my_java_jar\maven_repository\org\ow2\asm\asm\5.0.4\asm-5.0.4.jar;F:\my_java_jar\maven_repository\jakarta\xml\bind\jakarta.xml.bind-api\2.3.2\jakarta.xml.bind-api-2.3.2.jar;F:\my_java_jar\maven_repository\jakarta\activation\jakarta.activation-api\1.2.2\jakarta.activation-api-1.2.2.jar;F:\my_java_jar\maven_repository\org\junit\jupiter\junit-jupiter\5.5.2\junit-jupiter-5.5.2.jar;F:\my_java_jar\maven_repository\org\junit\jupiter\junit-jupiter-api\5.5.2\junit-jupiter-api-5.5.2.jar;F:\my_java_jar\maven_repository\org\apiguardian\apiguardian-api\1.1.0\apiguardian-api-1.1.0.jar;F:\my_java_jar\maven_repository\org\opentest4j\opentest4j\1.2.0\opentest4j-1.2.0.jar;F:\my_java_jar\maven_repository\org\junit\platform\junit-platform-commons\1.5.2\junit-platform-commons-1.5.2.jar;F:\my_java_jar\maven_repository\org\junit\jupiter\junit-jupiter-params\5.5.2\junit-jupiter-params-5.5.2.jar;F:\my_java_jar\maven_repository\org\junit\jupiter\junit-jupiter-engine\5.5.2\junit-jupiter-engine-5.5.2.jar;F:\my_java_jar\maven_repository\org\junit\platform\junit-platform-engine\1.5.2\junit-platform-engine-1.5.2.jar;F:\my_java_jar\maven_repository\org\mockito\mockito-junit-jupiter\3.1.0\mockito-junit-jupiter-3.1.0.jar;F:\my_java_jar\maven_repository\org\assertj\assertj-core\3.13.2\assertj-core-3.13.2.jar;F:\my_java_jar\maven_repository\org\hamcrest\hamcrest\2.1\hamcrest-2.1.jar;F:\my_java_jar\maven_repository\org\mockito\mockito-core\3.1.0\mockito-core-3.1.0.jar;F:\my_java_jar\maven_repository\net\bytebuddy\byte-buddy\1.10.8\byte-buddy-1.10.8.jar;F:\my_java_jar\maven_repository\net\bytebuddy\byte-buddy-agent\1.10.8\byte-buddy-agent-1.10.8.jar;F:\my_java_jar\maven_repository\org\objenesis\objenesis\2.6\objenesis-2.6.jar;F:\my_java_jar\maven_repository\org\skyscreamer\jsonassert\1.5.0\jsonassert-1.5.0.jar;F:\my_java_jar\maven_repository\com\vaadin\external\google\android-json\0.0.20131108.vaadin1\android-json-0.0.20131108.vaadin1.jar;F:\my_java_jar\maven_repository\org\springframework\spring-core\5.2.4.RELEASE\spring-core-5.2.4.RELEASE.jar;F:\my_java_jar\maven_repository\org\springframework\spring-jcl\5.2.4.RELEASE\spring-jcl-5.2.4.RELEASE.jar;F:\my_java_jar\maven_repository\org\springframework\spring-test\5.2.4.RELEASE\spring-test-5.2.4.RELEASE.jar;F:\my_java_jar\maven_repository\org\xmlunit\xmlunit-core\2.6.3\xmlunit-core-2.6.3.jar;F:\my_java_jar\maven_repository\com\baomidou\mybatis-plus-boot-starter\3.3.1.tmp\mybatis-plus-boot-starter-3.3.1.tmp.jar;F:\my_java_jar\maven_repository\com\baomidou\mybatis-plus\3.3.1.tmp\mybatis-plus-3.3.1.tmp.jar;F:\my_java_jar\maven_repository\com\baomidou\mybatis-plus-extension\3.3.1.tmp\mybatis-plus-extension-3.3.1.tmp.jar;F:\my_java_jar\maven_repository\com\baomidou\mybatis-plus-core\3.3.1.tmp\mybatis-plus-core-3.3.1.tmp.jar;F:\my_java_jar\maven_repository\com\baomidou\mybatis-plus-annotation\3.3.1.tmp\mybatis-plus-annotation-3.3.1.tmp.jar;F:\my_java_jar\maven_repository\org\springframework\boot\spring-boot-autoconfigure\2.2.5.RELEASE\spring-boot-autoconfigure-2.2.5.RELEASE.jar;F:\my_java_jar\maven_repository\org\springframework\boot\spring-boot-starter-jdbc\2.2.5.RELEASE\spring-boot-starter-jdbc-2.2.5.RELEASE.jar;F:\my_java_jar\maven_repository\com\zaxxer\HikariCP\3.4.2\HikariCP-3.4.2.jar;F:\my_java_jar\maven_repository\org\springframework\spring-jdbc\5.2.4.RELEASE\spring-jdbc-5.2.4.RELEASE.jar;F:\my_java_jar\maven_repository\p6spy\p6spy\3.8.7\p6spy-3.8.7.jar;F:\my_java_jar\maven_repository\io\springfox\springfox-swagger-ui\2.9.2\springfox-swagger-ui-2.9.2.jar;F:\my_java_jar\maven_repository\io\springfox\springfox-spring-web\2.9.2\springfox-spring-web-2.9.2.jar;F:\my_java_jar\maven_repository\io\springfox\springfox-swagger2\2.9.2\springfox-swagger2-2.9.2.jar;F:\my_java_jar\maven_repository\io\springfox\springfox-spi\2.9.2\springfox-spi-2.9.2.jar;F:\my_java_jar\maven_repository\io\springfox\springfox-core\2.9.2\springfox-core-2.9.2.jar;F:\my_java_jar\maven_repository\io\springfox\springfox-schema\2.9.2\springfox-schema-2.9.2.jar;F:\my_java_jar\maven_repository\io\springfox\springfox-swagger-common\2.9.2\springfox-swagger-common-2.9.2.jar;F:\my_java_jar\maven_repository\com\google\guava\guava\20.0\guava-20.0.jar;F:\my_java_jar\maven_repository\com\fasterxml\classmate\1.5.1\classmate-1.5.1.jar;F:\my_java_jar\maven_repository\org\slf4j\slf4j-api\1.7.30\slf4j-api-1.7.30.jar;F:\my_java_jar\maven_repository\org\springframework\plugin\spring-plugin-core\1.2.0.RELEASE\spring-plugin-core-1.2.0.RELEASE.jar;F:\my_java_jar\maven_repository\org\springframework\plugin\spring-plugin-metadata\1.2.0.RELEASE\spring-plugin-metadata-1.2.0.RELEASE.jar;F:\my_java_jar\maven_repository\org\mapstruct\mapstruct\1.2.0.Final\mapstruct-1.2.0.Final.jar;F:\my_java_jar\maven_repository\io\swagger\swagger-annotations\1.5.21\swagger-annotations-1.5.21.jar;F:\my_java_jar\maven_repository\io\swagger\swagger-models\1.5.21\swagger-models-1.5.21.jar;F:\my_java_jar\maven_repository\com\fasterxml\jackson\core\jackson-annotations\2.10.2\jackson-annotations-2.10.2.jar;F:\my_java_jar\maven_repository\com\alibaba\druid\1.0.9\druid-1.0.9.jar;F:\Java\jdk1.8.0_211\jre\..\lib\jconsole.jar;F:\Java\jdk1.8.0_211\jre\..\lib\tools.jar;F:\my_java_jar\maven_repository\cn\easyproject\orai18n\12.1.0.2.0\orai18n-12.1.0.2.0.jar;F:\my_java_jar\maven_repository\org\springframework\boot\spring-boot-starter-security\2.2.5.RELEASE\spring-boot-starter-security-2.2.5.RELEASE.jar;F:\my_java_jar\maven_repository\org\springframework\spring-aop\5.2.4.RELEASE\spring-aop-5.2.4.RELEASE.jar;F:\my_java_jar\maven_repository\org\springframework\security\spring-security-config\5.2.2.RELEASE\spring-security-config-5.2.2.RELEASE.jar;F:\my_java_jar\maven_repository\org\springframework\security\spring-security-core\5.2.2.RELEASE\spring-security-core-5.2.2.RELEASE.jar;F:\my_java_jar\maven_repository\org\springframework\security\spring-security-web\5.2.2.RELEASE\spring-security-web-5.2.2.RELEASE.jar;F:\my_java_jar\maven_repository\com\github\pagehelper\pagehelper-spring-boot-starter\1.2.13\pagehelper-spring-boot-starter-1.2.13.jar;F:\my_java_jar\maven_repository\org\mybatis\spring\boot\mybatis-spring-boot-starter\2.1.1\mybatis-spring-boot-starter-2.1.1.jar;F:\my_java_jar\maven_repository\org\mybatis\spring\boot\mybatis-spring-boot-autoconfigure\2.1.1\mybatis-spring-boot-autoconfigure-2.1.1.jar;F:\my_java_jar\maven_repository\org\mybatis\mybatis\3.5.3\mybatis-3.5.3.jar;F:\my_java_jar\maven_repository\org\mybatis\mybatis-spring\2.0.3\mybatis-spring-2.0.3.jar;F:\my_java_jar\maven_repository\com\github\pagehelper\pagehelper-spring-boot-autoconfigure\1.2.13\pagehelper-spring-boot-autoconfigure-1.2.13.jar;F:\my_java_jar\maven_repository\com\github\pagehelper\pagehelper\5.1.11\pagehelper-5.1.11.jar;F:\my_java_jar\maven_repository\com\github\jsqlparser\jsqlparser\2.0\jsqlparser-2.0.jar;F:\my_java_jar\maven_repository\org\apache\commons\commons-lang3\3.9\commons-lang3-3.9.jar;F:\my_java_jar\maven_repository\org\apache\poi\poi\3.9\poi-3.9.jar;F:\my_java_jar\maven_repository\commons-codec\commons-codec\1.13\commons-codec-1.13.jar;F:\my_java_jar\maven_repository\org\apache\poi\poi-ooxml\3.9\poi-ooxml-3.9.jar;F:\my_java_jar\maven_repository\dom4j\dom4j\1.6.1\dom4j-1.6.1.jar;F:\my_java_jar\maven_repository\xml-apis\xml-apis\1.0.b2\xml-apis-1.0.b2.jar;F:\my_java_jar\maven_repository\org\apache\poi\poi-ooxml-schemas\3.9\poi-ooxml-schemas-3.9.jar;F:\my_java_jar\maven_repository\org\apache\xmlbeans\xmlbeans\2.3.0\xmlbeans-2.3.0.jar;F:\my_java_jar\maven_repository\stax\stax-api\1.0.1\stax-api-1.0.1.jar;"/>
    <property name="java.vm.vendor" value="Oracle Corporation"/>
    <property name="sun.arch.data.model" value="64"/>
    <property name="user.variant" value=""/>
    <property name="java.vendor.url" value="http://java.oracle.com/"/>
    <property name="user.timezone" value="Asia/Shanghai"/>
    <property name="java.vm.specification.version" value="1.8"/>
    <property name="os.name" value="Windows 10"/>
    <property name="user.country" value="CN"/>
    <property name="sun.java.launcher" value="SUN_STANDARD"/>
    <property name="sun.boot.library.path" value="F:\Java\jdk1.8.0_211\jre\bin"/>
    <property name="sun.java.command" value="C:\Users\liangtao\AppData\Local\Temp\surefire8044227365139169064\surefirebooter2515617025789500478.jar C:\Users\liangtao\AppData\Local\Temp\surefire8044227365139169064 2020-05-07T13-41-32_281-jvmRun1 surefire4293283278598745504tmp surefire_04978348253550138808tmp"/>
    <property name="surefire.test.class.path" value="E:\gitAll\mell\target\test-classes;E:\gitAll\mell\target\classes;F:\my_java_jar\maven_repository\org\springframework\boot\spring-boot-starter-data-redis\2.2.5.RELEASE\spring-boot-starter-data-redis-2.2.5.RELEASE.jar;F:\my_java_jar\maven_repository\org\springframework\boot\spring-boot-starter\2.2.5.RELEASE\spring-boot-starter-2.2.5.RELEASE.jar;F:\my_java_jar\maven_repository\org\springframework\boot\spring-boot\2.2.5.RELEASE\spring-boot-2.2.5.RELEASE.jar;F:\my_java_jar\maven_repository\org\springframework\boot\spring-boot-starter-logging\2.2.5.RELEASE\spring-boot-starter-logging-2.2.5.RELEASE.jar;F:\my_java_jar\maven_repository\ch\qos\logback\logback-classic\1.2.3\logback-classic-1.2.3.jar;F:\my_java_jar\maven_repository\ch\qos\logback\logback-core\1.2.3\logback-core-1.2.3.jar;F:\my_java_jar\maven_repository\org\apache\logging\log4j\log4j-to-slf4j\2.12.1\log4j-to-slf4j-2.12.1.jar;F:\my_java_jar\maven_repository\org\apache\logging\log4j\log4j-api\2.12.1\log4j-api-2.12.1.jar;F:\my_java_jar\maven_repository\org\slf4j\jul-to-slf4j\1.7.30\jul-to-slf4j-1.7.30.jar;F:\my_java_jar\maven_repository\jakarta\annotation\jakarta.annotation-api\1.3.5\jakarta.annotation-api-1.3.5.jar;F:\my_java_jar\maven_repository\org\yaml\snakeyaml\1.25\snakeyaml-1.25.jar;F:\my_java_jar\maven_repository\org\springframework\data\spring-data-redis\2.2.5.RELEASE\spring-data-redis-2.2.5.RELEASE.jar;F:\my_java_jar\maven_repository\org\springframework\data\spring-data-keyvalue\2.2.5.RELEASE\spring-data-keyvalue-2.2.5.RELEASE.jar;F:\my_java_jar\maven_repository\org\springframework\data\spring-data-commons\2.2.5.RELEASE\spring-data-commons-2.2.5.RELEASE.jar;F:\my_java_jar\maven_repository\org\springframework\spring-tx\5.2.4.RELEASE\spring-tx-5.2.4.RELEASE.jar;F:\my_java_jar\maven_repository\org\springframework\spring-oxm\5.2.4.RELEASE\spring-oxm-5.2.4.RELEASE.jar;F:\my_java_jar\maven_repository\org\springframework\spring-context-support\5.2.4.RELEASE\spring-context-support-5.2.4.RELEASE.jar;F:\my_java_jar\maven_repository\io\lettuce\lettuce-core\5.2.2.RELEASE\lettuce-core-5.2.2.RELEASE.jar;F:\my_java_jar\maven_repository\io\netty\netty-common\4.1.45.Final\netty-common-4.1.45.Final.jar;F:\my_java_jar\maven_repository\io\netty\netty-handler\4.1.45.Final\netty-handler-4.1.45.Final.jar;F:\my_java_jar\maven_repository\io\netty\netty-buffer\4.1.45.Final\netty-buffer-4.1.45.Final.jar;F:\my_java_jar\maven_repository\io\netty\netty-codec\4.1.45.Final\netty-codec-4.1.45.Final.jar;F:\my_java_jar\maven_repository\io\netty\netty-transport\4.1.45.Final\netty-transport-4.1.45.Final.jar;F:\my_java_jar\maven_repository\io\netty\netty-resolver\4.1.45.Final\netty-resolver-4.1.45.Final.jar;F:\my_java_jar\maven_repository\io\projectreactor\reactor-core\3.3.3.RELEASE\reactor-core-3.3.3.RELEASE.jar;F:\my_java_jar\maven_repository\org\reactivestreams\reactive-streams\1.0.3\reactive-streams-1.0.3.jar;F:\my_java_jar\maven_repository\org\springframework\boot\spring-boot-starter-web\2.2.5.RELEASE\spring-boot-starter-web-2.2.5.RELEASE.jar;F:\my_java_jar\maven_repository\org\springframework\boot\spring-boot-starter-json\2.2.5.RELEASE\spring-boot-starter-json-2.2.5.RELEASE.jar;F:\my_java_jar\maven_repository\com\fasterxml\jackson\core\jackson-databind\2.10.2\jackson-databind-2.10.2.jar;F:\my_java_jar\maven_repository\com\fasterxml\jackson\core\jackson-core\2.10.2\jackson-core-2.10.2.jar;F:\my_java_jar\maven_repository\com\fasterxml\jackson\datatype\jackson-datatype-jdk8\2.10.2\jackson-datatype-jdk8-2.10.2.jar;F:\my_java_jar\maven_repository\com\fasterxml\jackson\datatype\jackson-datatype-jsr310\2.10.2\jackson-datatype-jsr310-2.10.2.jar;F:\my_java_jar\maven_repository\com\fasterxml\jackson\module\jackson-module-parameter-names\2.10.2\jackson-module-parameter-names-2.10.2.jar;F:\my_java_jar\maven_repository\org\springframework\boot\spring-boot-starter-tomcat\2.2.5.RELEASE\spring-boot-starter-tomcat-2.2.5.RELEASE.jar;F:\my_java_jar\maven_repository\org\apache\tomcat\embed\tomcat-embed-core\9.0.31\tomcat-embed-core-9.0.31.jar;F:\my_java_jar\maven_repository\org\apache\tomcat\embed\tomcat-embed-el\9.0.31\tomcat-embed-el-9.0.31.jar;F:\my_java_jar\maven_repository\org\apache\tomcat\embed\tomcat-embed-websocket\9.0.31\tomcat-embed-websocket-9.0.31.jar;F:\my_java_jar\maven_repository\org\springframework\boot\spring-boot-starter-validation\2.2.5.RELEASE\spring-boot-starter-validation-2.2.5.RELEASE.jar;F:\my_java_jar\maven_repository\jakarta\validation\jakarta.validation-api\2.0.2\jakarta.validation-api-2.0.2.jar;F:\my_java_jar\maven_repository\org\hibernate\validator\hibernate-validator\6.0.18.Final\hibernate-validator-6.0.18.Final.jar;F:\my_java_jar\maven_repository\org\jboss\logging\jboss-logging\3.4.1.Final\jboss-logging-3.4.1.Final.jar;F:\my_java_jar\maven_repository\org\springframework\spring-web\5.2.4.RELEASE\spring-web-5.2.4.RELEASE.jar;F:\my_java_jar\maven_repository\org\springframework\spring-beans\5.2.4.RELEASE\spring-beans-5.2.4.RELEASE.jar;F:\my_java_jar\maven_repository\org\springframework\spring-webmvc\5.2.4.RELEASE\spring-webmvc-5.2.4.RELEASE.jar;F:\my_java_jar\maven_repository\org\springframework\spring-context\5.2.4.RELEASE\spring-context-5.2.4.RELEASE.jar;F:\my_java_jar\maven_repository\org\springframework\spring-expression\5.2.4.RELEASE\spring-expression-5.2.4.RELEASE.jar;F:\my_java_jar\maven_repository\com\oracle\ojdbc\ojdbc8\19.3.0.0\ojdbc8-19.3.0.0.jar;F:\my_java_jar\maven_repository\com\oracle\ojdbc\ucp\19.3.0.0\ucp-19.3.0.0.jar;F:\my_java_jar\maven_repository\com\oracle\ojdbc\oraclepki\19.3.0.0\oraclepki-19.3.0.0.jar;F:\my_java_jar\maven_repository\com\oracle\ojdbc\osdt_cert\19.3.0.0\osdt_cert-19.3.0.0.jar;F:\my_java_jar\maven_repository\com\oracle\ojdbc\osdt_core\19.3.0.0\osdt_core-19.3.0.0.jar;F:\my_java_jar\maven_repository\com\oracle\ojdbc\simplefan\19.3.0.0\simplefan-19.3.0.0.jar;F:\my_java_jar\maven_repository\com\oracle\ojdbc\ons\19.3.0.0\ons-19.3.0.0.jar;F:\my_java_jar\maven_repository\org\projectlombok\lombok\1.18.12\lombok-1.18.12.jar;F:\my_java_jar\maven_repository\org\springframework\boot\spring-boot-starter-test\2.2.5.RELEASE\spring-boot-starter-test-2.2.5.RELEASE.jar;F:\my_java_jar\maven_repository\org\springframework\boot\spring-boot-test\2.2.5.RELEASE\spring-boot-test-2.2.5.RELEASE.jar;F:\my_java_jar\maven_repository\org\springframework\boot\spring-boot-test-autoconfigure\2.2.5.RELEASE\spring-boot-test-autoconfigure-2.2.5.RELEASE.jar;F:\my_java_jar\maven_repository\com\jayway\jsonpath\json-path\2.4.0\json-path-2.4.0.jar;F:\my_java_jar\maven_repository\net\minidev\json-smart\2.3\json-smart-2.3.jar;F:\my_java_jar\maven_repository\net\minidev\accessors-smart\1.2\accessors-smart-1.2.jar;F:\my_java_jar\maven_repository\org\ow2\asm\asm\5.0.4\asm-5.0.4.jar;F:\my_java_jar\maven_repository\jakarta\xml\bind\jakarta.xml.bind-api\2.3.2\jakarta.xml.bind-api-2.3.2.jar;F:\my_java_jar\maven_repository\jakarta\activation\jakarta.activation-api\1.2.2\jakarta.activation-api-1.2.2.jar;F:\my_java_jar\maven_repository\org\junit\jupiter\junit-jupiter\5.5.2\junit-jupiter-5.5.2.jar;F:\my_java_jar\maven_repository\org\junit\jupiter\junit-jupiter-api\5.5.2\junit-jupiter-api-5.5.2.jar;F:\my_java_jar\maven_repository\org\apiguardian\apiguardian-api\1.1.0\apiguardian-api-1.1.0.jar;F:\my_java_jar\maven_repository\org\opentest4j\opentest4j\1.2.0\opentest4j-1.2.0.jar;F:\my_java_jar\maven_repository\org\junit\platform\junit-platform-commons\1.5.2\junit-platform-commons-1.5.2.jar;F:\my_java_jar\maven_repository\org\junit\jupiter\junit-jupiter-params\5.5.2\junit-jupiter-params-5.5.2.jar;F:\my_java_jar\maven_repository\org\junit\jupiter\junit-jupiter-engine\5.5.2\junit-jupiter-engine-5.5.2.jar;F:\my_java_jar\maven_repository\org\junit\platform\junit-platform-engine\1.5.2\junit-platform-engine-1.5.2.jar;F:\my_java_jar\maven_repository\org\mockito\mockito-junit-jupiter\3.1.0\mockito-junit-jupiter-3.1.0.jar;F:\my_java_jar\maven_repository\org\assertj\assertj-core\3.13.2\assertj-core-3.13.2.jar;F:\my_java_jar\maven_repository\org\hamcrest\hamcrest\2.1\hamcrest-2.1.jar;F:\my_java_jar\maven_repository\org\mockito\mockito-core\3.1.0\mockito-core-3.1.0.jar;F:\my_java_jar\maven_repository\net\bytebuddy\byte-buddy\1.10.8\byte-buddy-1.10.8.jar;F:\my_java_jar\maven_repository\net\bytebuddy\byte-buddy-agent\1.10.8\byte-buddy-agent-1.10.8.jar;F:\my_java_jar\maven_repository\org\objenesis\objenesis\2.6\objenesis-2.6.jar;F:\my_java_jar\maven_repository\org\skyscreamer\jsonassert\1.5.0\jsonassert-1.5.0.jar;F:\my_java_jar\maven_repository\com\vaadin\external\google\android-json\0.0.20131108.vaadin1\android-json-0.0.20131108.vaadin1.jar;F:\my_java_jar\maven_repository\org\springframework\spring-core\5.2.4.RELEASE\spring-core-5.2.4.RELEASE.jar;F:\my_java_jar\maven_repository\org\springframework\spring-jcl\5.2.4.RELEASE\spring-jcl-5.2.4.RELEASE.jar;F:\my_java_jar\maven_repository\org\springframework\spring-test\5.2.4.RELEASE\spring-test-5.2.4.RELEASE.jar;F:\my_java_jar\maven_repository\org\xmlunit\xmlunit-core\2.6.3\xmlunit-core-2.6.3.jar;F:\my_java_jar\maven_repository\com\baomidou\mybatis-plus-boot-starter\3.3.1.tmp\mybatis-plus-boot-starter-3.3.1.tmp.jar;F:\my_java_jar\maven_repository\com\baomidou\mybatis-plus\3.3.1.tmp\mybatis-plus-3.3.1.tmp.jar;F:\my_java_jar\maven_repository\com\baomidou\mybatis-plus-extension\3.3.1.tmp\mybatis-plus-extension-3.3.1.tmp.jar;F:\my_java_jar\maven_repository\com\baomidou\mybatis-plus-core\3.3.1.tmp\mybatis-plus-core-3.3.1.tmp.jar;F:\my_java_jar\maven_repository\com\baomidou\mybatis-plus-annotation\3.3.1.tmp\mybatis-plus-annotation-3.3.1.tmp.jar;F:\my_java_jar\maven_repository\org\springframework\boot\spring-boot-autoconfigure\2.2.5.RELEASE\spring-boot-autoconfigure-2.2.5.RELEASE.jar;F:\my_java_jar\maven_repository\org\springframework\boot\spring-boot-starter-jdbc\2.2.5.RELEASE\spring-boot-starter-jdbc-2.2.5.RELEASE.jar;F:\my_java_jar\maven_repository\com\zaxxer\HikariCP\3.4.2\HikariCP-3.4.2.jar;F:\my_java_jar\maven_repository\org\springframework\spring-jdbc\5.2.4.RELEASE\spring-jdbc-5.2.4.RELEASE.jar;F:\my_java_jar\maven_repository\p6spy\p6spy\3.8.7\p6spy-3.8.7.jar;F:\my_java_jar\maven_repository\io\springfox\springfox-swagger-ui\2.9.2\springfox-swagger-ui-2.9.2.jar;F:\my_java_jar\maven_repository\io\springfox\springfox-spring-web\2.9.2\springfox-spring-web-2.9.2.jar;F:\my_java_jar\maven_repository\io\springfox\springfox-swagger2\2.9.2\springfox-swagger2-2.9.2.jar;F:\my_java_jar\maven_repository\io\springfox\springfox-spi\2.9.2\springfox-spi-2.9.2.jar;F:\my_java_jar\maven_repository\io\springfox\springfox-core\2.9.2\springfox-core-2.9.2.jar;F:\my_java_jar\maven_repository\io\springfox\springfox-schema\2.9.2\springfox-schema-2.9.2.jar;F:\my_java_jar\maven_repository\io\springfox\springfox-swagger-common\2.9.2\springfox-swagger-common-2.9.2.jar;F:\my_java_jar\maven_repository\com\google\guava\guava\20.0\guava-20.0.jar;F:\my_java_jar\maven_repository\com\fasterxml\classmate\1.5.1\classmate-1.5.1.jar;F:\my_java_jar\maven_repository\org\slf4j\slf4j-api\1.7.30\slf4j-api-1.7.30.jar;F:\my_java_jar\maven_repository\org\springframework\plugin\spring-plugin-core\1.2.0.RELEASE\spring-plugin-core-1.2.0.RELEASE.jar;F:\my_java_jar\maven_repository\org\springframework\plugin\spring-plugin-metadata\1.2.0.RELEASE\spring-plugin-metadata-1.2.0.RELEASE.jar;F:\my_java_jar\maven_repository\org\mapstruct\mapstruct\1.2.0.Final\mapstruct-1.2.0.Final.jar;F:\my_java_jar\maven_repository\io\swagger\swagger-annotations\1.5.21\swagger-annotations-1.5.21.jar;F:\my_java_jar\maven_repository\io\swagger\swagger-models\1.5.21\swagger-models-1.5.21.jar;F:\my_java_jar\maven_repository\com\fasterxml\jackson\core\jackson-annotations\2.10.2\jackson-annotations-2.10.2.jar;F:\my_java_jar\maven_repository\com\alibaba\druid\1.0.9\druid-1.0.9.jar;F:\Java\jdk1.8.0_211\jre\..\lib\jconsole.jar;F:\Java\jdk1.8.0_211\jre\..\lib\tools.jar;F:\my_java_jar\maven_repository\cn\easyproject\orai18n\12.1.0.2.0\orai18n-12.1.0.2.0.jar;F:\my_java_jar\maven_repository\org\springframework\boot\spring-boot-starter-security\2.2.5.RELEASE\spring-boot-starter-security-2.2.5.RELEASE.jar;F:\my_java_jar\maven_repository\org\springframework\spring-aop\5.2.4.RELEASE\spring-aop-5.2.4.RELEASE.jar;F:\my_java_jar\maven_repository\org\springframework\security\spring-security-config\5.2.2.RELEASE\spring-security-config-5.2.2.RELEASE.jar;F:\my_java_jar\maven_repository\org\springframework\security\spring-security-core\5.2.2.RELEASE\spring-security-core-5.2.2.RELEASE.jar;F:\my_java_jar\maven_repository\org\springframework\security\spring-security-web\5.2.2.RELEASE\spring-security-web-5.2.2.RELEASE.jar;F:\my_java_jar\maven_repository\com\github\pagehelper\pagehelper-spring-boot-starter\1.2.13\pagehelper-spring-boot-starter-1.2.13.jar;F:\my_java_jar\maven_repository\org\mybatis\spring\boot\mybatis-spring-boot-starter\2.1.1\mybatis-spring-boot-starter-2.1.1.jar;F:\my_java_jar\maven_repository\org\mybatis\spring\boot\mybatis-spring-boot-autoconfigure\2.1.1\mybatis-spring-boot-autoconfigure-2.1.1.jar;F:\my_java_jar\maven_repository\org\mybatis\mybatis\3.5.3\mybatis-3.5.3.jar;F:\my_java_jar\maven_repository\org\mybatis\mybatis-spring\2.0.3\mybatis-spring-2.0.3.jar;F:\my_java_jar\maven_repository\com\github\pagehelper\pagehelper-spring-boot-autoconfigure\1.2.13\pagehelper-spring-boot-autoconfigure-1.2.13.jar;F:\my_java_jar\maven_repository\com\github\pagehelper\pagehelper\5.1.11\pagehelper-5.1.11.jar;F:\my_java_jar\maven_repository\com\github\jsqlparser\jsqlparser\2.0\jsqlparser-2.0.jar;F:\my_java_jar\maven_repository\org\apache\commons\commons-lang3\3.9\commons-lang3-3.9.jar;F:\my_java_jar\maven_repository\org\apache\poi\poi\3.9\poi-3.9.jar;F:\my_java_jar\maven_repository\commons-codec\commons-codec\1.13\commons-codec-1.13.jar;F:\my_java_jar\maven_repository\org\apache\poi\poi-ooxml\3.9\poi-ooxml-3.9.jar;F:\my_java_jar\maven_repository\dom4j\dom4j\1.6.1\dom4j-1.6.1.jar;F:\my_java_jar\maven_repository\xml-apis\xml-apis\1.0.b2\xml-apis-1.0.b2.jar;F:\my_java_jar\maven_repository\org\apache\poi\poi-ooxml-schemas\3.9\poi-ooxml-schemas-3.9.jar;F:\my_java_jar\maven_repository\org\apache\xmlbeans\xmlbeans\2.3.0\xmlbeans-2.3.0.jar;F:\my_java_jar\maven_repository\stax\stax-api\1.0.1\stax-api-1.0.1.jar;"/>
    <property name="sun.cpu.endian" value="little"/>
    <property name="user.home" value="C:\Users\liangtao"/>
    <property name="user.language" value="zh"/>
    <property name="java.specification.vendor" value="Oracle Corporation"/>
    <property name="java.home" value="F:\Java\jdk1.8.0_211\jre"/>
    <property name="basedir" value="E:\gitAll\mell"/>
    <property name="file.separator" value="\"/>
    <property name="line.separator" value="&#10;"/>
    <property name="java.vm.specification.vendor" value="Oracle Corporation"/>
    <property name="java.specification.name" value="Java Platform API Specification"/>
    <property name="java.awt.graphicsenv" value="sun.awt.Win32GraphicsEnvironment"/>
    <property name="surefire.real.class.path" value="C:\Users\liangtao\AppData\Local\Temp\surefire8044227365139169064\surefirebooter2515617025789500478.jar"/>
    <property name="sun.boot.class.path" value="F:\Java\jdk1.8.0_211\jre\lib\resources.jar;F:\Java\jdk1.8.0_211\jre\lib\rt.jar;F:\Java\jdk1.8.0_211\jre\lib\sunrsasign.jar;F:\Java\jdk1.8.0_211\jre\lib\jsse.jar;F:\Java\jdk1.8.0_211\jre\lib\jce.jar;F:\Java\jdk1.8.0_211\jre\lib\charsets.jar;F:\Java\jdk1.8.0_211\jre\lib\jfr.jar;F:\Java\jdk1.8.0_211\jre\classes"/>
    <property name="user.script" value=""/>
    <property name="sun.management.compiler" value="HotSpot 64-Bit Tiered Compilers"/>
    <property name="java.runtime.version" value="1.8.0_211-b12"/>
    <property name="user.name" value="liangtao"/>
    <property name="path.separator" value=";"/>
    <property name="os.version" value="10.0"/>
    <property name="java.endorsed.dirs" value="F:\Java\jdk1.8.0_211\jre\lib\endorsed"/>
    <property name="java.runtime.name" value="Java(TM) SE Runtime Environment"/>
    <property name="file.encoding" value="GBK"/>
    <property name="java.vm.name" value="Java HotSpot(TM) 64-Bit Server VM"/>
    <property name="localRepository" value="F:\my_java_jar\maven_repository"/>
    <property name="java.vendor.url.bug" value="http://bugreport.sun.com/bugreport/"/>
    <property name="java.io.tmpdir" value="C:\Users\liangtao\AppData\Local\Temp\"/>
    <property name="java.version" value="1.8.0_211"/>
    <property name="user.dir" value="E:\gitAll\mell"/>
    <property name="os.arch" value="amd64"/>
    <property name="java.vm.specification.name" value="Java Virtual Machine Specification"/>
    <property name="java.awt.printerjob" value="sun.awt.windows.WPrinterJob"/>
    <property name="sun.os.patch.level" value=""/>
    <property name="idea.version2019.1.1" value="true"/>
    <property name="java.library.path" value="F:\Java\jdk1.8.0_211\jre\bin;C:\Windows\Sun\Java\bin;C:\Windows\system32;C:\Windows;F:\Xftp 6\;D:\Xshell\;F:\Oracle11g\liangtao\product\11.2.0\dbhome_1\bin;F:\Java\jdk1.8.0_211\bin;C:\Windows\system32;C:\Windows;C:\Windows\System32\Wbem;C:\Windows\System32\WindowsPowerShell\v1.0\;C:\Windows\System32\OpenSSH\;C:\Program Files (x86)\NVIDIA Corporation\PhysX\Common;C:\Program Files\NVIDIA Corporation\NVIDIA NvDLISR;C:\Program Files\Intel\WiFi\bin\;C:\Program Files\Common Files\Intel\WirelessCommon\;C:\Windows\system32;C:\Windows;C:\Windows\System32\Wbem;C:\Windows\System32\WindowsPowerShell\v1.0\;C:\Windows\System32\OpenSSH\;F:\MySQLServer 5.5\bin;F:\MySQL\MySQL Server 5.5\bin;F:\Program Files\Microsoft SQL Server\110\DTS\Binn\;F:\Program Files (x86)\Microsoft SQL Server\110\Tools\Binn\;F:\Program Files\Microsoft SQL Server\110\Tools\Binn\;F:\Program Files (x86)\Microsoft SQL Server\110\Tools\Binn\ManagementStudio\;C:\Program Files (x86)\Microsoft Visual Studio 10.0\Common7\IDE\PrivateAssemblies\;F:\Program Files (x86)\Microsoft SQL Server\110\DTS\Binn\;C:\Program Files\dotnet\;F:\Program Files\Microsoft SQL Server\130\Tools\Binn\;F:\apache-maven-3.5.2\bin;C:\Program Files (x86)\Common Files\Thunder Network\KanKan\Codecs;F:\python2.7;F:\python2.7\Scripts;D:\nodejs\;D:\SVN\bin;D:\Git\cmd;C:\Program Files\Docker\Docker\resources\bin;C:\ProgramData\DockerDesktop\version-bin;C:\Users\liangtao\AppData\Local\Microsoft\WindowsApps;D:\Bandzip\;C:\Program Files\MySQL\MySQL Server 5.7\bin;C:\Users\liangtao\AppData\Roaming\npm;."/>
    <property name="java.vm.info" value="mixed mode"/>
    <property name="java.vendor" value="Oracle Corporation"/>
    <property name="java.vm.version" value="25.211-b12"/>
    <property name="java.ext.dirs" value="F:\Java\jdk1.8.0_211\jre\lib\ext;C:\Windows\Sun\Java\lib\ext"/>
    <property name="sun.io.unicode.encoding" value="UnicodeLittle"/>
    <property name="maven.repo.local" value="F:\my_java_jar\maven_repository"/>
    <property name="java.class.version" value="52.0"/>
  </properties>
  <testcase name="insertSurvey" classname="lt.school.mell.MellApplicationTests" time="0.011">
    <error message="C:\Users\liangtao\Desktop\MBTI_1 (2).xlsx (系统找不到指定的文件。)" type="java.io.FileNotFoundException">java.io.FileNotFoundException: C:\Users\liangtao\Desktop\MBTI_1 (2).xlsx (系统找不到指定的文件。)
	at lt.school.mell.MellApplicationTests.insertSurvey(MellApplicationTests.java:45)
</error>
  </testcase>
</testsuite>